{
  "0 debug pnpm:scope": {
    "selected": 1
  },
  "1 error pnpm": {
    "code": "ELIFECYCLE",
    "errno": "ENOENT",
    "syscall": "spawn",
    "file": "sh",
    "pkgid": "top-sveltekit@0.0.1",
    "stage": "build",
    "script": "vite build",
    "pkgname": "top-sveltekit",
    "err": {
      "name": "pnpm",
      "message": "top-sveltekit@0.0.1 build: `vite build`\nspawn ENOENT",
      "code": "ELIFECYCLE",
      "stack": "pnpm: top-sveltekit@0.0.1 build: `vite build`\nspawn ENOENT\n    at ChildProcess.<anonymous> (/usr/local/Cellar/pnpm/6.32.4/libexec/lib/node_modules/pnpm/dist/pnpm.cjs:92290:22)\n    at ChildProcess.emit (node:events:519:28)\n    at maybeClose (node:internal/child_process:1105:16)\n    at ChildProcess._handle.onexit (node:internal/child_process:305:5)"
    }
  },
  "2 warn pnpm:global": " Local package.json exists, but node_modules missing, did you mean to install?"
}